SF:lib/models/user/user_model.dart
DA:13,1
DA:20,0
DA:21,0
DA:22,2
LF:4
LH:2
end_of_record
SF:lib/models/user/user_model.g.dart
DA:9,0
DA:10,0
DA:11,0
DA:12,0
DA:13,0
DA:16,2
DA:17,1
DA:18,1
DA:19,1
DA:20,1
LF:10
LH:5
end_of_record
SF:lib/screens/authentication/repository/auth_repository.dart
DA:11,1
DA:13,1
DA:15,2
DA:22,1
DA:28,2
DA:32,2
DA:34,1
DA:37,1
DA:39,1
LF:9
LH:9
end_of_record
SF:lib/services/auth_service.dart
DA:13,0
DA:18,0
DA:28,0
DA:31,0
DA:34,0
DA:37,0
DA:38,0
DA:42,0
DA:47,0
DA:49,0
DA:53,0
DA:54,0
DA:59,0
DA:61,0
DA:63,0
LF:15
LH:0
end_of_record
SF:lib/services/firestore_service.dart
DA:8,0
DA:10,0
DA:14,0
DA:17,0
DA:18,0
LF:5
LH:0
end_of_record
SF:lib/screens/authentication/bloc/authentication_event.dart
DA:4,1
DA:6,0
DA:7,0
DA:14,1
DA:23,1
LF:5
LH:3
end_of_record
SF:lib/screens/authentication/bloc/authentication_state.dart
DA:4,1
DA:6,1
DA:7,1
DA:19,1
LF:4
LH:4
end_of_record
SF:lib/screens/authentication/bloc/authentication_bloc.dart
DA:10,3
DA:11,2
DA:12,2
DA:14,4
DA:15,2
DA:17,3
DA:20,2
DA:21,2
DA:24,5
DA:25,2
DA:27,3
DA:30,0
LF:12
LH:11
end_of_record
SF:lib/config/routing/app_router.dart
DA:10,1
DA:11,1
DA:12,1
DA:13,1
DA:14,0
DA:15,1
DA:16,0
DA:17,1
DA:18,2
DA:19,0
DA:20,0
DA:21,0
DA:22,0
DA:23,0
DA:24,0
DA:26,0
LF:16
LH:7
end_of_record
SF:lib/main.dart
DA:18,0
DA:19,0
DA:20,0
DA:21,0
DA:25,2
DA:28,0
DA:30,0
DA:31,0
DA:32,0
DA:33,0
DA:34,0
DA:35,0
DA:37,0
DA:40,0
DA:42,0
DA:53,4
DA:55,0
DA:57,0
DA:58,0
DA:59,0
DA:60,0
LF:21
LH:2
end_of_record
SF:lib/screens/authentication/ui/auth_view.dart
DA:10,5
DA:12,1
DA:13,1
DA:27,1
DA:29,1
DA:30,1
DA:33,1
DA:34,1
DA:35,1
DA:36,0
DA:37,0
DA:38,0
DA:41,1
DA:42,1
DA:46,1
DA:47,1
DA:48,1
DA:49,2
DA:50,1
DA:51,1
DA:52,4
DA:55,1
DA:56,1
DA:58,1
DA:59,1
DA:62,1
DA:63,1
DA:64,1
DA:75,1
DA:78,1
DA:80,1
DA:82,1
DA:83,1
DA:86,1
DA:87,1
DA:89,1
DA:90,0
DA:91,0
DA:93,0
DA:96,1
DA:97,1
DA:98,1
DA:99,0
DA:100,0
DA:102,0
DA:103,0
DA:104,0
DA:105,0
DA:106,0
DA:107,0
DA:110,0
DA:111,0
DA:112,0
DA:116,1
DA:117,0
DA:118,1
DA:119,1
LF:57
LH:39
end_of_record
SF:lib/screens/home/ui/home_view.dart
DA:7,4
DA:9,1
DA:11,1
DA:12,1
DA:13,0
DA:14,0
DA:15,0
DA:16,0
DA:20,1
DA:21,1
DA:22,0
DA:23,0
DA:24,0
DA:25,0
DA:27,1
LF:15
LH:7
end_of_record
SF:lib/screens/tweet_detail/ui/tweet_detail_view.dart
DA:4,2
DA:6,0
DA:8,0
LF:3
LH:1
end_of_record
SF:lib/screens/tweet_manipulation/ui/add_or_edit_tweet.dart
DA:4,2
DA:6,0
DA:8,0
LF:3
LH:1
end_of_record
SF:lib/screens/user_profile/ui/user_profile_view.dart
DA:4,2
DA:6,0
DA:8,0
LF:3
LH:1
end_of_record
SF:lib/widgets/input_field.dart
DA:20,1
DA:36,1
DA:37,1
DA:44,1
DA:46,1
DA:47,3
DA:50,1
DA:52,1
DA:54,1
DA:55,1
DA:58,1
DA:60,1
DA:61,1
DA:63,1
DA:67,1
DA:69,1
DA:70,1
DA:71,1
DA:72,1
DA:73,2
DA:74,2
DA:75,2
DA:76,2
DA:77,2
DA:78,0
DA:79,0
DA:80,0
DA:81,0
DA:84,0
DA:85,0
DA:86,0
DA:89,1
DA:90,2
DA:91,1
DA:92,2
DA:96,1
DA:97,0
DA:98,0
DA:100,0
DA:101,0
DA:104,2
DA:105,1
DA:106,1
DA:107,1
DA:109,2
DA:112,1
DA:113,1
DA:114,1
DA:121,2
DA:122,1
DA:123,2
DA:125,2
DA:126,2
LF:53
LH:42
end_of_record
